Compiling the C compiler identification source file "CMakeCCompilerId.c" failed.
Compiler: /Library/Developer/CommandLineTools/usr/bin/cc 
Build flags: 
Id flags:  

The output was:
1
ld: library not found for -lSystem
clang: error: linker command failed with exit code 1 (use -v to see invocation)


Compiling the CXX compiler identification source file "CMakeCXXCompilerId.cpp" failed.
Compiler: /usr/local/bin/g++-12 
Build flags: 
Id flags:  

The output was:
1
ld: unsupported tapi file type '!tapi-tbd' in YAML file '/Library/Developer/CommandLineTools/SDKs/MacOSX13.sdk/usr/lib/libSystem.tbd' for architecture x86_64
collect2: error: ld returned 1 exit status


Detecting CXX compiler ABI info failed to compile with the following output:
Change Dir: /Users/seph/Documents/Dev/git/algorithm-study/algorithm-cpp/cmake-build-debug/CMakeFiles/CMakeTmp

Run Build Command(s):/Applications/CLion.app/Contents/bin/ninja/mac/ninja cmTC_cebce && [1/2] Building CXX object CMakeFiles/cmTC_cebce.dir/CMakeCXXCompilerABI.cpp.o
Using built-in specs.
COLLECT_GCC=/usr/local/bin/g++-12
Target: x86_64-apple-darwin22
Configured with: ../configure --prefix=/usr/local/opt/gcc --libdir=/usr/local/opt/gcc/lib/gcc/current --disable-nls --enable-checking=release --with-gcc-major-version-only --enable-languages=c,c++,objc,obj-c++,fortran --program-suffix=-12 --with-gmp=/usr/local/opt/gmp --with-mpfr=/usr/local/opt/mpfr --with-mpc=/usr/local/opt/libmpc --with-isl=/usr/local/opt/isl --with-zstd=/usr/local/opt/zstd --with-pkgversion='Homebrew GCC 12.2.0' --with-bugurl=https://github.com/Homebrew/homebrew-core/issues --with-system-zlib --build=x86_64-apple-darwin22 --with-sysroot=/Library/Developer/CommandLineTools/SDKs/MacOSX13.sdk
Thread model: posix
Supported LTO compression algorithms: zlib zstd
gcc version 12.2.0 (Homebrew GCC 12.2.0) 
COLLECT_GCC_OPTIONS='-fdiagnostics-color=always' '-isysroot' '/Library/Developer/CommandLineTools/SDKs/MacOSX13.1.sdk' '-v' '-o' 'CMakeFiles/cmTC_cebce.dir/CMakeCXXCompilerABI.cpp.o' '-c' '-mmacosx-version-min=13.0.0' '-asm_macosx_version_min=13.0' '-nodefaultexport' '-shared-libgcc' '-mtune=core2' '-dumpdir' 'CMakeFiles/cmTC_cebce.dir/'
 /usr/local/Cellar/gcc/12.2.0/bin/../libexec/gcc/x86_64-apple-darwin22/12/cc1plus -quiet -v -iprefix /usr/local/Cellar/gcc/12.2.0/bin/../lib/gcc/current/gcc/x86_64-apple-darwin22/12/ -D__DYNAMIC__ -isysroot /Library/Developer/CommandLineTools/SDKs/MacOSX13.1.sdk /Applications/CLion.app/Contents/bin/cmake/mac/share/cmake-3.24/Modules/CMakeCXXCompilerABI.cpp -fPIC -quiet -dumpdir CMakeFiles/cmTC_cebce.dir/ -dumpbase CMakeCXXCompilerABI.cpp.cpp -dumpbase-ext .cpp -mmacosx-version-min=13.0.0 -mtune=core2 -version -fdiagnostics-color=always -o /var/folders/gc/wrnb_1655gvfgfy8d_c2r63m0000gn/T//cchNVw0R.s
GNU C++17 (Homebrew GCC 12.2.0) version 12.2.0 (x86_64-apple-darwin22)
	compiled by GNU C version 12.2.0, GMP version 6.2.1, MPFR version 4.1.0-p13, MPC version 1.2.1, isl version isl-0.25-GMP

warning: MPFR header version 4.1.0-p13 differs from library version 4.2.0.
warning: MPC header version 1.2.1 differs from library version 1.3.1.
GGC heuristics: --param ggc-min-expand=100 --param ggc-min-heapsize=131072
ignoring nonexistent directory "/usr/local/Cellar/gcc/12.2.0/bin/../lib/gcc/current/gcc/x86_64-apple-darwin22/12/../../../../../../x86_64-apple-darwin22/include"
ignoring duplicate directory "/usr/local/Cellar/gcc/12.2.0/bin/../lib/gcc/current/gcc/../../../../lib/gcc/current/gcc/x86_64-apple-darwin22/12/../../../../../../include/c++/12"
ignoring duplicate directory "/usr/local/Cellar/gcc/12.2.0/bin/../lib/gcc/current/gcc/../../../../lib/gcc/current/gcc/x86_64-apple-darwin22/12/../../../../../../include/c++/12/x86_64-apple-darwin22"
ignoring duplicate directory "/usr/local/Cellar/gcc/12.2.0/bin/../lib/gcc/current/gcc/../../../../lib/gcc/current/gcc/x86_64-apple-darwin22/12/../../../../../../include/c++/12/backward"
ignoring duplicate directory "/usr/local/Cellar/gcc/12.2.0/bin/../lib/gcc/current/gcc/../../../../lib/gcc/current/gcc/x86_64-apple-darwin22/12/include"
ignoring nonexistent directory "/Library/Developer/CommandLineTools/SDKs/MacOSX13.1.sdk/usr/local/include"
ignoring duplicate directory "/usr/local/Cellar/gcc/12.2.0/bin/../lib/gcc/current/gcc/../../../../lib/gcc/current/gcc/x86_64-apple-darwin22/12/include-fixed"
ignoring nonexistent directory "/usr/local/Cellar/gcc/12.2.0/bin/../lib/gcc/current/gcc/../../../../lib/gcc/current/gcc/x86_64-apple-darwin22/12/../../../../../../x86_64-apple-darwin22/include"
ignoring nonexistent directory "/Library/Developer/CommandLineTools/SDKs/MacOSX13.1.sdk/Library/Frameworks"
#include "..." search starts here:
#include <...> search starts here:
 /usr/local/Cellar/gcc/12.2.0/bin/../lib/gcc/current/gcc/x86_64-apple-darwin22/12/../../../../../../include/c++/12
 /usr/local/Cellar/gcc/12.2.0/bin/../lib/gcc/current/gcc/x86_64-apple-darwin22/12/../../../../../../include/c++/12/x86_64-apple-darwin22
 /usr/local/Cellar/gcc/12.2.0/bin/../lib/gcc/current/gcc/x86_64-apple-darwin22/12/../../../../../../include/c++/12/backward
 /usr/local/Cellar/gcc/12.2.0/bin/../lib/gcc/current/gcc/x86_64-apple-darwin22/12/include
 /usr/local/Cellar/gcc/12.2.0/bin/../lib/gcc/current/gcc/x86_64-apple-darwin22/12/include-fixed
 /Library/Developer/CommandLineTools/SDKs/MacOSX13.1.sdk/usr/include
 /Library/Developer/CommandLineTools/SDKs/MacOSX13.1.sdk/System/Library/Frameworks
End of search list.
GNU C++17 (Homebrew GCC 12.2.0) version 12.2.0 (x86_64-apple-darwin22)
	compiled by GNU C version 12.2.0, GMP version 6.2.1, MPFR version 4.1.0-p13, MPC version 1.2.1, isl version isl-0.25-GMP

warning: MPFR header version 4.1.0-p13 differs from library version 4.2.0.
warning: MPC header version 1.2.1 differs from library version 1.3.1.
GGC heuristics: --param ggc-min-expand=100 --param ggc-min-heapsize=131072
Compiler executable checksum: 0619c310a67e62fac8511b899c918c5b
COLLECT_GCC_OPTIONS='-fdiagnostics-color=always' '-isysroot' '/Library/Developer/CommandLineTools/SDKs/MacOSX13.1.sdk' '-v' '-o' 'CMakeFiles/cmTC_cebce.dir/CMakeCXXCompilerABI.cpp.o' '-c' '-mmacosx-version-min=13.0.0'  '-nodefaultexport' '-shared-libgcc' '-mtune=core2' '-dumpdir' 'CMakeFiles/cmTC_cebce.dir/'
 as -arch x86_64 -v -mmacosx-version-min=13.0 -mllvm -x86-pad-for-align=false -force_cpusubtype_ALL -o CMakeFiles/cmTC_cebce.dir/CMakeCXXCompilerABI.cpp.o /var/folders/gc/wrnb_1655gvfgfy8d_c2r63m0000gn/T//cchNVw0R.s
Apple clang version 14.0.0 (clang-1400.0.29.202)
Target: x86_64-apple-darwin22.3.0
Thread model: posix
InstalledDir: /Library/Developer/CommandLineTools/usr/bin
 "/Library/Developer/CommandLineTools/usr/bin/clang" -cc1as -triple x86_64-apple-macosx13.0.0 -filetype obj -main-file-name cchNVw0R.s -target-cpu penryn -fdebug-compilation-dir=/Users/seph/Documents/Dev/git/algorithm-study/algorithm-cpp/cmake-build-debug/CMakeFiles/CMakeTmp -dwarf-debug-producer "Apple clang version 14.0.0 (clang-1400.0.29.202)" -dwarf-version=4 -mrelocation-model pic --mrelax-relocations -mllvm -x86-pad-for-align=false -mllvm -disable-aligned-alloc-awareness=1 -o CMakeFiles/cmTC_cebce.dir/CMakeCXXCompilerABI.cpp.o /var/folders/gc/wrnb_1655gvfgfy8d_c2r63m0000gn/T//cchNVw0R.s
COMPILER_PATH=/usr/local/Cellar/gcc/12.2.0/bin/../libexec/gcc/x86_64-apple-darwin22/12/:/usr/local/Cellar/gcc/12.2.0/bin/../libexec/gcc/
LIBRARY_PATH=/usr/local/Cellar/gcc/12.2.0/bin/../lib/gcc/current/gcc/x86_64-apple-darwin22/12/:/usr/local/Cellar/gcc/12.2.0/bin/../lib/gcc/current/gcc/:/usr/local/Cellar/gcc/12.2.0/bin/../lib/gcc/current/gcc/x86_64-apple-darwin22/12/../../../
COLLECT_GCC_OPTIONS='-fdiagnostics-color=always' '-isysroot' '/Library/Developer/CommandLineTools/SDKs/MacOSX13.1.sdk' '-v' '-o' 'CMakeFiles/cmTC_cebce.dir/CMakeCXXCompilerABI.cpp.o' '-c' '-mmacosx-version-min=13.0.0'  '-nodefaultexport' '-shared-libgcc' '-mtune=core2' '-dumpdir' 'CMakeFiles/cmTC_cebce.dir/CMakeCXXCompilerABI.cpp.'
[2/2] Linking CXX executable cmTC_cebce
FAILED: cmTC_cebce 
: && /usr/local/bin/g++-12 -isysroot /Library/Developer/CommandLineTools/SDKs/MacOSX13.1.sdk -Wl,-search_paths_first -Wl,-headerpad_max_install_names -v -Wl,-v CMakeFiles/cmTC_cebce.dir/CMakeCXXCompilerABI.cpp.o -o cmTC_cebce   && :
Using built-in specs.
COLLECT_GCC=/usr/local/bin/g++-12
COLLECT_LTO_WRAPPER=/usr/local/Cellar/gcc/12.2.0/bin/../libexec/gcc/x86_64-apple-darwin22/12/lto-wrapper
Target: x86_64-apple-darwin22
Configured with: ../configure --prefix=/usr/local/opt/gcc --libdir=/usr/local/opt/gcc/lib/gcc/current --disable-nls --enable-checking=release --with-gcc-major-version-only --enable-languages=c,c++,objc,obj-c++,fortran --program-suffix=-12 --with-gmp=/usr/local/opt/gmp --with-mpfr=/usr/local/opt/mpfr --with-mpc=/usr/local/opt/libmpc --with-isl=/usr/local/opt/isl --with-zstd=/usr/local/opt/zstd --with-pkgversion='Homebrew GCC 12.2.0' --with-bugurl=https://github.com/Homebrew/homebrew-core/issues --with-system-zlib --build=x86_64-apple-darwin22 --with-sysroot=/Library/Developer/CommandLineTools/SDKs/MacOSX13.sdk
Thread model: posix
Supported LTO compression algorithms: zlib zstd
gcc version 12.2.0 (Homebrew GCC 12.2.0) 
COMPILER_PATH=/usr/local/Cellar/gcc/12.2.0/bin/../libexec/gcc/x86_64-apple-darwin22/12/:/usr/local/Cellar/gcc/12.2.0/bin/../libexec/gcc/
LIBRARY_PATH=/usr/local/Cellar/gcc/12.2.0/bin/../lib/gcc/current/gcc/x86_64-apple-darwin22/12/:/usr/local/Cellar/gcc/12.2.0/bin/../lib/gcc/current/gcc/:/usr/local/Cellar/gcc/12.2.0/bin/../lib/gcc/current/gcc/x86_64-apple-darwin22/12/../../../
COLLECT_GCC_OPTIONS='-isysroot' '/Library/Developer/CommandLineTools/SDKs/MacOSX13.1.sdk' '-v' '-o' 'cmTC_cebce' '-mmacosx-version-min=13.0.0' '-asm_macosx_version_min=13.0' '-nodefaultexport' '-shared-libgcc' '-mtune=core2' '-dumpdir' 'cmTC_cebce.'
 /usr/local/Cellar/gcc/12.2.0/bin/../libexec/gcc/x86_64-apple-darwin22/12/collect2 -dynamic -arch x86_64 -syslibroot /Library/Developer/CommandLineTools/SDKs/MacOSX13.1.sdk -macosx_version_min 13.0.0 -o cmTC_cebce -L/usr/local/Cellar/gcc/12.2.0/bin/../lib/gcc/current/gcc/x86_64-apple-darwin22/12 -L/usr/local/Cellar/gcc/12.2.0/bin/../lib/gcc/current/gcc -L/usr/local/Cellar/gcc/12.2.0/bin/../lib/gcc/current/gcc/x86_64-apple-darwin22/12/../../.. -search_paths_first -headerpad_max_install_names -v CMakeFiles/cmTC_cebce.dir/CMakeCXXCompilerABI.cpp.o -lstdc++ -lgcc_s.1.1 -lgcc -lSystem -no_compact_unwind -rpath @loader_path -rpath /usr/local/Cellar/gcc/12.2.0/lib/gcc/current/gcc/x86_64-apple-darwin22/12 -rpath /usr/local/Cellar/gcc/12.2.0/lib/gcc/current/gcc -rpath /usr/local/Cellar/gcc/12.2.0/lib/gcc/current
collect2 version 12.2.0
/Users/seph/opt/anaconda3/bin/ld -dynamic -arch x86_64 -syslibroot /Library/Developer/CommandLineTools/SDKs/MacOSX13.1.sdk -macosx_version_min 13.0.0 -o cmTC_cebce -L/usr/local/Cellar/gcc/12.2.0/bin/../lib/gcc/current/gcc/x86_64-apple-darwin22/12 -L/usr/local/Cellar/gcc/12.2.0/bin/../lib/gcc/current/gcc -L/usr/local/Cellar/gcc/12.2.0/bin/../lib/gcc/current/gcc/x86_64-apple-darwin22/12/../../.. -search_paths_first -headerpad_max_install_names -v CMakeFiles/cmTC_cebce.dir/CMakeCXXCompilerABI.cpp.o -lstdc++ -lgcc_s.1.1 -lgcc -lSystem -no_compact_unwind -rpath @loader_path -rpath /usr/local/Cellar/gcc/12.2.0/lib/gcc/current/gcc/x86_64-apple-darwin22/12 -rpath /usr/local/Cellar/gcc/12.2.0/lib/gcc/current/gcc -rpath /usr/local/Cellar/gcc/12.2.0/lib/gcc/current
@(#)PROGRAM:ld  PROJECT:ld64-530
BUILD 07:42:29 Sep  7 2022
configured to support archs: armv6 armv7 armv7s arm64 arm64e arm64_32 i386 x86_64 x86_64h armv6m armv7k armv7m armv7em (tvOS)
Library search paths:
	/usr/local/Cellar/gcc/12.2.0/lib/gcc/current/gcc/x86_64-apple-darwin22/12
	/usr/local/Cellar/gcc/12.2.0/lib/gcc/current/gcc
	/usr/local/Cellar/gcc/12.2.0/lib/gcc/current
	/Library/Developer/CommandLineTools/SDKs/MacOSX13.1.sdk/usr/lib
Framework search paths:
	/Library/Developer/CommandLineTools/SDKs/MacOSX13.1.sdk/System/Library/Frameworks/
ld: unsupported tapi file type '!tapi-tbd' in YAML file '/Library/Developer/CommandLineTools/SDKs/MacOSX13.1.sdk/usr/lib/libSystem.tbd' for architecture x86_64
collect2: error: ld returned 1 exit status
ninja: build stopped: subcommand failed.




Determining if the CXX compiler works failed with the following output:
Change Dir: /Users/seph/Documents/Dev/git/algorithm-study/algorithm-cpp/cmake-build-debug/CMakeFiles/CMakeTmp

Run Build Command(s):/Applications/CLion.app/Contents/bin/ninja/mac/ninja cmTC_98e96 && [1/2] Building CXX object CMakeFiles/cmTC_98e96.dir/testCXXCompiler.cxx.o
[2/2] Linking CXX executable cmTC_98e96
FAILED: cmTC_98e96 
: && /usr/local/bin/g++-12 -isysroot /Library/Developer/CommandLineTools/SDKs/MacOSX13.1.sdk -Wl,-search_paths_first -Wl,-headerpad_max_install_names  CMakeFiles/cmTC_98e96.dir/testCXXCompiler.cxx.o -o cmTC_98e96   && :
ld: unsupported tapi file type '!tapi-tbd' in YAML file '/Library/Developer/CommandLineTools/SDKs/MacOSX13.1.sdk/usr/lib/libSystem.tbd' for architecture x86_64
collect2: error: ld returned 1 exit status
ninja: build stopped: subcommand failed.



Compiling the CXX compiler identification source file "CMakeCXXCompilerId.cpp" failed.
Compiler: /usr/local/bin/g++-12 
Build flags: 
Id flags:  

The output was:
1
ld: unsupported tapi file type '!tapi-tbd' in YAML file '/Library/Developer/CommandLineTools/SDKs/MacOSX13.sdk/usr/lib/libSystem.tbd' for architecture x86_64
collect2: error: ld returned 1 exit status


Detecting CXX compiler ABI info failed to compile with the following output:
Change Dir: /Users/seph/Documents/Dev/git/algorithm-study/algorithm-cpp/cmake-build-debug/CMakeFiles/CMakeTmp

Run Build Command(s):/Applications/CLion.app/Contents/bin/ninja/mac/ninja cmTC_6929b && [1/2] Building CXX object CMakeFiles/cmTC_6929b.dir/CMakeCXXCompilerABI.cpp.o
Using built-in specs.
COLLECT_GCC=/usr/local/bin/g++-12
Target: x86_64-apple-darwin22
Configured with: ../configure --prefix=/usr/local/opt/gcc --libdir=/usr/local/opt/gcc/lib/gcc/current --disable-nls --enable-checking=release --with-gcc-major-version-only --enable-languages=c,c++,objc,obj-c++,fortran --program-suffix=-12 --with-gmp=/usr/local/opt/gmp --with-mpfr=/usr/local/opt/mpfr --with-mpc=/usr/local/opt/libmpc --with-isl=/usr/local/opt/isl --with-zstd=/usr/local/opt/zstd --with-pkgversion='Homebrew GCC 12.2.0' --with-bugurl=https://github.com/Homebrew/homebrew-core/issues --with-system-zlib --build=x86_64-apple-darwin22 --with-sysroot=/Library/Developer/CommandLineTools/SDKs/MacOSX13.sdk
Thread model: posix
Supported LTO compression algorithms: zlib zstd
gcc version 12.2.0 (Homebrew GCC 12.2.0) 
COLLECT_GCC_OPTIONS='-fdiagnostics-color=always' '-isysroot' '/Library/Developer/CommandLineTools/SDKs/MacOSX13.1.sdk' '-v' '-o' 'CMakeFiles/cmTC_6929b.dir/CMakeCXXCompilerABI.cpp.o' '-c' '-mmacosx-version-min=13.0.0' '-asm_macosx_version_min=13.0' '-nodefaultexport' '-shared-libgcc' '-mtune=core2' '-dumpdir' 'CMakeFiles/cmTC_6929b.dir/'
 /usr/local/Cellar/gcc/12.2.0/bin/../libexec/gcc/x86_64-apple-darwin22/12/cc1plus -quiet -v -iprefix /usr/local/Cellar/gcc/12.2.0/bin/../lib/gcc/current/gcc/x86_64-apple-darwin22/12/ -D__DYNAMIC__ -isysroot /Library/Developer/CommandLineTools/SDKs/MacOSX13.1.sdk /Applications/CLion.app/Contents/bin/cmake/mac/share/cmake-3.24/Modules/CMakeCXXCompilerABI.cpp -fPIC -quiet -dumpdir CMakeFiles/cmTC_6929b.dir/ -dumpbase CMakeCXXCompilerABI.cpp.cpp -dumpbase-ext .cpp -mmacosx-version-min=13.0.0 -mtune=core2 -version -fdiagnostics-color=always -o /var/folders/gc/wrnb_1655gvfgfy8d_c2r63m0000gn/T//ccOUezJz.s
GNU C++17 (Homebrew GCC 12.2.0) version 12.2.0 (x86_64-apple-darwin22)
	compiled by GNU C version 12.2.0, GMP version 6.2.1, MPFR version 4.1.0-p13, MPC version 1.2.1, isl version isl-0.25-GMP

warning: MPFR header version 4.1.0-p13 differs from library version 4.2.0.
warning: MPC header version 1.2.1 differs from library version 1.3.1.
GGC heuristics: --param ggc-min-expand=100 --param ggc-min-heapsize=131072
ignoring nonexistent directory "/usr/local/Cellar/gcc/12.2.0/bin/../lib/gcc/current/gcc/x86_64-apple-darwin22/12/../../../../../../x86_64-apple-darwin22/include"
ignoring duplicate directory "/usr/local/Cellar/gcc/12.2.0/bin/../lib/gcc/current/gcc/../../../../lib/gcc/current/gcc/x86_64-apple-darwin22/12/../../../../../../include/c++/12"
ignoring duplicate directory "/usr/local/Cellar/gcc/12.2.0/bin/../lib/gcc/current/gcc/../../../../lib/gcc/current/gcc/x86_64-apple-darwin22/12/../../../../../../include/c++/12/x86_64-apple-darwin22"
ignoring duplicate directory "/usr/local/Cellar/gcc/12.2.0/bin/../lib/gcc/current/gcc/../../../../lib/gcc/current/gcc/x86_64-apple-darwin22/12/../../../../../../include/c++/12/backward"
ignoring duplicate directory "/usr/local/Cellar/gcc/12.2.0/bin/../lib/gcc/current/gcc/../../../../lib/gcc/current/gcc/x86_64-apple-darwin22/12/include"
ignoring nonexistent directory "/Library/Developer/CommandLineTools/SDKs/MacOSX13.1.sdk/usr/local/include"
ignoring duplicate directory "/usr/local/Cellar/gcc/12.2.0/bin/../lib/gcc/current/gcc/../../../../lib/gcc/current/gcc/x86_64-apple-darwin22/12/include-fixed"
ignoring nonexistent directory "/usr/local/Cellar/gcc/12.2.0/bin/../lib/gcc/current/gcc/../../../../lib/gcc/current/gcc/x86_64-apple-darwin22/12/../../../../../../x86_64-apple-darwin22/include"
ignoring nonexistent directory "/Library/Developer/CommandLineTools/SDKs/MacOSX13.1.sdk/Library/Frameworks"
#include "..." search starts here:
#include <...> search starts here:
 /usr/local/Cellar/gcc/12.2.0/bin/../lib/gcc/current/gcc/x86_64-apple-darwin22/12/../../../../../../include/c++/12
 /usr/local/Cellar/gcc/12.2.0/bin/../lib/gcc/current/gcc/x86_64-apple-darwin22/12/../../../../../../include/c++/12/x86_64-apple-darwin22
 /usr/local/Cellar/gcc/12.2.0/bin/../lib/gcc/current/gcc/x86_64-apple-darwin22/12/../../../../../../include/c++/12/backward
 /usr/local/Cellar/gcc/12.2.0/bin/../lib/gcc/current/gcc/x86_64-apple-darwin22/12/include
 /usr/local/Cellar/gcc/12.2.0/bin/../lib/gcc/current/gcc/x86_64-apple-darwin22/12/include-fixed
 /Library/Developer/CommandLineTools/SDKs/MacOSX13.1.sdk/usr/include
 /Library/Developer/CommandLineTools/SDKs/MacOSX13.1.sdk/System/Library/Frameworks
End of search list.
GNU C++17 (Homebrew GCC 12.2.0) version 12.2.0 (x86_64-apple-darwin22)
	compiled by GNU C version 12.2.0, GMP version 6.2.1, MPFR version 4.1.0-p13, MPC version 1.2.1, isl version isl-0.25-GMP

warning: MPFR header version 4.1.0-p13 differs from library version 4.2.0.
warning: MPC header version 1.2.1 differs from library version 1.3.1.
GGC heuristics: --param ggc-min-expand=100 --param ggc-min-heapsize=131072
Compiler executable checksum: 0619c310a67e62fac8511b899c918c5b
COLLECT_GCC_OPTIONS='-fdiagnostics-color=always' '-isysroot' '/Library/Developer/CommandLineTools/SDKs/MacOSX13.1.sdk' '-v' '-o' 'CMakeFiles/cmTC_6929b.dir/CMakeCXXCompilerABI.cpp.o' '-c' '-mmacosx-version-min=13.0.0'  '-nodefaultexport' '-shared-libgcc' '-mtune=core2' '-dumpdir' 'CMakeFiles/cmTC_6929b.dir/'
 as -arch x86_64 -v -mmacosx-version-min=13.0 -mllvm -x86-pad-for-align=false -force_cpusubtype_ALL -o CMakeFiles/cmTC_6929b.dir/CMakeCXXCompilerABI.cpp.o /var/folders/gc/wrnb_1655gvfgfy8d_c2r63m0000gn/T//ccOUezJz.s
Apple clang version 14.0.0 (clang-1400.0.29.202)
Target: x86_64-apple-darwin22.3.0
Thread model: posix
InstalledDir: /Library/Developer/CommandLineTools/usr/bin
 "/Library/Developer/CommandLineTools/usr/bin/clang" -cc1as -triple x86_64-apple-macosx13.0.0 -filetype obj -main-file-name ccOUezJz.s -target-cpu penryn -fdebug-compilation-dir=/Users/seph/Documents/Dev/git/algorithm-study/algorithm-cpp/cmake-build-debug/CMakeFiles/CMakeTmp -dwarf-debug-producer "Apple clang version 14.0.0 (clang-1400.0.29.202)" -dwarf-version=4 -mrelocation-model pic --mrelax-relocations -mllvm -x86-pad-for-align=false -mllvm -disable-aligned-alloc-awareness=1 -o CMakeFiles/cmTC_6929b.dir/CMakeCXXCompilerABI.cpp.o /var/folders/gc/wrnb_1655gvfgfy8d_c2r63m0000gn/T//ccOUezJz.s
COMPILER_PATH=/usr/local/Cellar/gcc/12.2.0/bin/../libexec/gcc/x86_64-apple-darwin22/12/:/usr/local/Cellar/gcc/12.2.0/bin/../libexec/gcc/
LIBRARY_PATH=/usr/local/Cellar/gcc/12.2.0/bin/../lib/gcc/current/gcc/x86_64-apple-darwin22/12/:/usr/local/Cellar/gcc/12.2.0/bin/../lib/gcc/current/gcc/:/usr/local/Cellar/gcc/12.2.0/bin/../lib/gcc/current/gcc/x86_64-apple-darwin22/12/../../../
COLLECT_GCC_OPTIONS='-fdiagnostics-color=always' '-isysroot' '/Library/Developer/CommandLineTools/SDKs/MacOSX13.1.sdk' '-v' '-o' 'CMakeFiles/cmTC_6929b.dir/CMakeCXXCompilerABI.cpp.o' '-c' '-mmacosx-version-min=13.0.0'  '-nodefaultexport' '-shared-libgcc' '-mtune=core2' '-dumpdir' 'CMakeFiles/cmTC_6929b.dir/CMakeCXXCompilerABI.cpp.'
[2/2] Linking CXX executable cmTC_6929b
FAILED: cmTC_6929b 
: && /usr/local/bin/g++-12 -isysroot /Library/Developer/CommandLineTools/SDKs/MacOSX13.1.sdk -Wl,-search_paths_first -Wl,-headerpad_max_install_names -v -Wl,-v CMakeFiles/cmTC_6929b.dir/CMakeCXXCompilerABI.cpp.o -o cmTC_6929b   && :
Using built-in specs.
COLLECT_GCC=/usr/local/bin/g++-12
COLLECT_LTO_WRAPPER=/usr/local/Cellar/gcc/12.2.0/bin/../libexec/gcc/x86_64-apple-darwin22/12/lto-wrapper
Target: x86_64-apple-darwin22
Configured with: ../configure --prefix=/usr/local/opt/gcc --libdir=/usr/local/opt/gcc/lib/gcc/current --disable-nls --enable-checking=release --with-gcc-major-version-only --enable-languages=c,c++,objc,obj-c++,fortran --program-suffix=-12 --with-gmp=/usr/local/opt/gmp --with-mpfr=/usr/local/opt/mpfr --with-mpc=/usr/local/opt/libmpc --with-isl=/usr/local/opt/isl --with-zstd=/usr/local/opt/zstd --with-pkgversion='Homebrew GCC 12.2.0' --with-bugurl=https://github.com/Homebrew/homebrew-core/issues --with-system-zlib --build=x86_64-apple-darwin22 --with-sysroot=/Library/Developer/CommandLineTools/SDKs/MacOSX13.sdk
Thread model: posix
Supported LTO compression algorithms: zlib zstd
gcc version 12.2.0 (Homebrew GCC 12.2.0) 
COMPILER_PATH=/usr/local/Cellar/gcc/12.2.0/bin/../libexec/gcc/x86_64-apple-darwin22/12/:/usr/local/Cellar/gcc/12.2.0/bin/../libexec/gcc/
LIBRARY_PATH=/usr/local/Cellar/gcc/12.2.0/bin/../lib/gcc/current/gcc/x86_64-apple-darwin22/12/:/usr/local/Cellar/gcc/12.2.0/bin/../lib/gcc/current/gcc/:/usr/local/Cellar/gcc/12.2.0/bin/../lib/gcc/current/gcc/x86_64-apple-darwin22/12/../../../
COLLECT_GCC_OPTIONS='-isysroot' '/Library/Developer/CommandLineTools/SDKs/MacOSX13.1.sdk' '-v' '-o' 'cmTC_6929b' '-mmacosx-version-min=13.0.0' '-asm_macosx_version_min=13.0' '-nodefaultexport' '-shared-libgcc' '-mtune=core2' '-dumpdir' 'cmTC_6929b.'
 /usr/local/Cellar/gcc/12.2.0/bin/../libexec/gcc/x86_64-apple-darwin22/12/collect2 -dynamic -arch x86_64 -syslibroot /Library/Developer/CommandLineTools/SDKs/MacOSX13.1.sdk -macosx_version_min 13.0.0 -o cmTC_6929b -L/usr/local/Cellar/gcc/12.2.0/bin/../lib/gcc/current/gcc/x86_64-apple-darwin22/12 -L/usr/local/Cellar/gcc/12.2.0/bin/../lib/gcc/current/gcc -L/usr/local/Cellar/gcc/12.2.0/bin/../lib/gcc/current/gcc/x86_64-apple-darwin22/12/../../.. -search_paths_first -headerpad_max_install_names -v CMakeFiles/cmTC_6929b.dir/CMakeCXXCompilerABI.cpp.o -lstdc++ -lgcc_s.1.1 -lgcc -lSystem -no_compact_unwind -rpath @loader_path -rpath /usr/local/Cellar/gcc/12.2.0/lib/gcc/current/gcc/x86_64-apple-darwin22/12 -rpath /usr/local/Cellar/gcc/12.2.0/lib/gcc/current/gcc -rpath /usr/local/Cellar/gcc/12.2.0/lib/gcc/current
collect2 version 12.2.0
/Users/seph/opt/anaconda3/bin/ld -dynamic -arch x86_64 -syslibroot /Library/Developer/CommandLineTools/SDKs/MacOSX13.1.sdk -macosx_version_min 13.0.0 -o cmTC_6929b -L/usr/local/Cellar/gcc/12.2.0/bin/../lib/gcc/current/gcc/x86_64-apple-darwin22/12 -L/usr/local/Cellar/gcc/12.2.0/bin/../lib/gcc/current/gcc -L/usr/local/Cellar/gcc/12.2.0/bin/../lib/gcc/current/gcc/x86_64-apple-darwin22/12/../../.. -search_paths_first -headerpad_max_install_names -v CMakeFiles/cmTC_6929b.dir/CMakeCXXCompilerABI.cpp.o -lstdc++ -lgcc_s.1.1 -lgcc -lSystem -no_compact_unwind -rpath @loader_path -rpath /usr/local/Cellar/gcc/12.2.0/lib/gcc/current/gcc/x86_64-apple-darwin22/12 -rpath /usr/local/Cellar/gcc/12.2.0/lib/gcc/current/gcc -rpath /usr/local/Cellar/gcc/12.2.0/lib/gcc/current
@(#)PROGRAM:ld  PROJECT:ld64-530
BUILD 07:42:29 Sep  7 2022
configured to support archs: armv6 armv7 armv7s arm64 arm64e arm64_32 i386 x86_64 x86_64h armv6m armv7k armv7m armv7em (tvOS)
Library search paths:
	/usr/local/Cellar/gcc/12.2.0/lib/gcc/current/gcc/x86_64-apple-darwin22/12
	/usr/local/Cellar/gcc/12.2.0/lib/gcc/current/gcc
	/usr/local/Cellar/gcc/12.2.0/lib/gcc/current
	/Library/Developer/CommandLineTools/SDKs/MacOSX13.1.sdk/usr/lib
Framework search paths:
	/Library/Developer/CommandLineTools/SDKs/MacOSX13.1.sdk/System/Library/Frameworks/
ld: unsupported tapi file type '!tapi-tbd' in YAML file '/Library/Developer/CommandLineTools/SDKs/MacOSX13.1.sdk/usr/lib/libSystem.tbd' for architecture x86_64
collect2: error: ld returned 1 exit status
ninja: build stopped: subcommand failed.




Determining if the CXX compiler works failed with the following output:
Change Dir: /Users/seph/Documents/Dev/git/algorithm-study/algorithm-cpp/cmake-build-debug/CMakeFiles/CMakeTmp

Run Build Command(s):/Applications/CLion.app/Contents/bin/ninja/mac/ninja cmTC_45801 && [1/2] Building CXX object CMakeFiles/cmTC_45801.dir/testCXXCompiler.cxx.o
[2/2] Linking CXX executable cmTC_45801
FAILED: cmTC_45801 
: && /usr/local/bin/g++-12 -isysroot /Library/Developer/CommandLineTools/SDKs/MacOSX13.1.sdk -Wl,-search_paths_first -Wl,-headerpad_max_install_names  CMakeFiles/cmTC_45801.dir/testCXXCompiler.cxx.o -o cmTC_45801   && :
ld: unsupported tapi file type '!tapi-tbd' in YAML file '/Library/Developer/CommandLineTools/SDKs/MacOSX13.1.sdk/usr/lib/libSystem.tbd' for architecture x86_64
collect2: error: ld returned 1 exit status
ninja: build stopped: subcommand failed.



Compiling the CXX compiler identification source file "CMakeCXXCompilerId.cpp" failed.
Compiler: /usr/local/bin/g++-12 
Build flags: 
Id flags:  

The output was:
1
ld: unsupported tapi file type '!tapi-tbd' in YAML file '/Library/Developer/CommandLineTools/SDKs/MacOSX13.sdk/usr/lib/libSystem.tbd' for architecture x86_64
collect2: error: ld returned 1 exit status


Detecting CXX compiler ABI info failed to compile with the following output:
Change Dir: /Users/seph/Documents/Dev/git/algorithm-study/algorithm-cpp/cmake-build-debug/CMakeFiles/CMakeTmp

Run Build Command(s):/Applications/CLion.app/Contents/bin/ninja/mac/ninja cmTC_d3862 && [1/2] Building CXX object CMakeFiles/cmTC_d3862.dir/CMakeCXXCompilerABI.cpp.o
Using built-in specs.
COLLECT_GCC=/usr/local/bin/g++-12
Target: x86_64-apple-darwin22
Configured with: ../configure --prefix=/usr/local/opt/gcc --libdir=/usr/local/opt/gcc/lib/gcc/current --disable-nls --enable-checking=release --with-gcc-major-version-only --enable-languages=c,c++,objc,obj-c++,fortran --program-suffix=-12 --with-gmp=/usr/local/opt/gmp --with-mpfr=/usr/local/opt/mpfr --with-mpc=/usr/local/opt/libmpc --with-isl=/usr/local/opt/isl --with-zstd=/usr/local/opt/zstd --with-pkgversion='Homebrew GCC 12.2.0' --with-bugurl=https://github.com/Homebrew/homebrew-core/issues --with-system-zlib --build=x86_64-apple-darwin22 --with-sysroot=/Library/Developer/CommandLineTools/SDKs/MacOSX13.sdk
Thread model: posix
Supported LTO compression algorithms: zlib zstd
gcc version 12.2.0 (Homebrew GCC 12.2.0) 
COLLECT_GCC_OPTIONS='-fdiagnostics-color=always' '-isysroot' '/Library/Developer/CommandLineTools/SDKs/MacOSX13.1.sdk' '-v' '-o' 'CMakeFiles/cmTC_d3862.dir/CMakeCXXCompilerABI.cpp.o' '-c' '-mmacosx-version-min=13.0.0' '-asm_macosx_version_min=13.0' '-nodefaultexport' '-shared-libgcc' '-mtune=core2' '-dumpdir' 'CMakeFiles/cmTC_d3862.dir/'
 /usr/local/Cellar/gcc/12.2.0/bin/../libexec/gcc/x86_64-apple-darwin22/12/cc1plus -quiet -v -iprefix /usr/local/Cellar/gcc/12.2.0/bin/../lib/gcc/current/gcc/x86_64-apple-darwin22/12/ -D__DYNAMIC__ -isysroot /Library/Developer/CommandLineTools/SDKs/MacOSX13.1.sdk /Applications/CLion.app/Contents/bin/cmake/mac/share/cmake-3.24/Modules/CMakeCXXCompilerABI.cpp -fPIC -quiet -dumpdir CMakeFiles/cmTC_d3862.dir/ -dumpbase CMakeCXXCompilerABI.cpp.cpp -dumpbase-ext .cpp -mmacosx-version-min=13.0.0 -mtune=core2 -version -fdiagnostics-color=always -o /var/folders/gc/wrnb_1655gvfgfy8d_c2r63m0000gn/T//ccbwwmHh.s
GNU C++17 (Homebrew GCC 12.2.0) version 12.2.0 (x86_64-apple-darwin22)
	compiled by GNU C version 12.2.0, GMP version 6.2.1, MPFR version 4.1.0-p13, MPC version 1.2.1, isl version isl-0.25-GMP

warning: MPFR header version 4.1.0-p13 differs from library version 4.2.0.
warning: MPC header version 1.2.1 differs from library version 1.3.1.
GGC heuristics: --param ggc-min-expand=100 --param ggc-min-heapsize=131072
ignoring nonexistent directory "/usr/local/Cellar/gcc/12.2.0/bin/../lib/gcc/current/gcc/x86_64-apple-darwin22/12/../../../../../../x86_64-apple-darwin22/include"
ignoring duplicate directory "/usr/local/Cellar/gcc/12.2.0/bin/../lib/gcc/current/gcc/../../../../lib/gcc/current/gcc/x86_64-apple-darwin22/12/../../../../../../include/c++/12"
ignoring duplicate directory "/usr/local/Cellar/gcc/12.2.0/bin/../lib/gcc/current/gcc/../../../../lib/gcc/current/gcc/x86_64-apple-darwin22/12/../../../../../../include/c++/12/x86_64-apple-darwin22"
ignoring duplicate directory "/usr/local/Cellar/gcc/12.2.0/bin/../lib/gcc/current/gcc/../../../../lib/gcc/current/gcc/x86_64-apple-darwin22/12/../../../../../../include/c++/12/backward"
ignoring duplicate directory "/usr/local/Cellar/gcc/12.2.0/bin/../lib/gcc/current/gcc/../../../../lib/gcc/current/gcc/x86_64-apple-darwin22/12/include"
ignoring nonexistent directory "/Library/Developer/CommandLineTools/SDKs/MacOSX13.1.sdk/usr/local/include"
ignoring duplicate directory "/usr/local/Cellar/gcc/12.2.0/bin/../lib/gcc/current/gcc/../../../../lib/gcc/current/gcc/x86_64-apple-darwin22/12/include-fixed"
ignoring nonexistent directory "/usr/local/Cellar/gcc/12.2.0/bin/../lib/gcc/current/gcc/../../../../lib/gcc/current/gcc/x86_64-apple-darwin22/12/../../../../../../x86_64-apple-darwin22/include"
ignoring nonexistent directory "/Library/Developer/CommandLineTools/SDKs/MacOSX13.1.sdk/Library/Frameworks"
#include "..." search starts here:
#include <...> search starts here:
 /usr/local/Cellar/gcc/12.2.0/bin/../lib/gcc/current/gcc/x86_64-apple-darwin22/12/../../../../../../include/c++/12
 /usr/local/Cellar/gcc/12.2.0/bin/../lib/gcc/current/gcc/x86_64-apple-darwin22/12/../../../../../../include/c++/12/x86_64-apple-darwin22
 /usr/local/Cellar/gcc/12.2.0/bin/../lib/gcc/current/gcc/x86_64-apple-darwin22/12/../../../../../../include/c++/12/backward
 /usr/local/Cellar/gcc/12.2.0/bin/../lib/gcc/current/gcc/x86_64-apple-darwin22/12/include
 /usr/local/Cellar/gcc/12.2.0/bin/../lib/gcc/current/gcc/x86_64-apple-darwin22/12/include-fixed
 /Library/Developer/CommandLineTools/SDKs/MacOSX13.1.sdk/usr/include
 /Library/Developer/CommandLineTools/SDKs/MacOSX13.1.sdk/System/Library/Frameworks
End of search list.
GNU C++17 (Homebrew GCC 12.2.0) version 12.2.0 (x86_64-apple-darwin22)
	compiled by GNU C version 12.2.0, GMP version 6.2.1, MPFR version 4.1.0-p13, MPC version 1.2.1, isl version isl-0.25-GMP

warning: MPFR header version 4.1.0-p13 differs from library version 4.2.0.
warning: MPC header version 1.2.1 differs from library version 1.3.1.
GGC heuristics: --param ggc-min-expand=100 --param ggc-min-heapsize=131072
Compiler executable checksum: 0619c310a67e62fac8511b899c918c5b
COLLECT_GCC_OPTIONS='-fdiagnostics-color=always' '-isysroot' '/Library/Developer/CommandLineTools/SDKs/MacOSX13.1.sdk' '-v' '-o' 'CMakeFiles/cmTC_d3862.dir/CMakeCXXCompilerABI.cpp.o' '-c' '-mmacosx-version-min=13.0.0'  '-nodefaultexport' '-shared-libgcc' '-mtune=core2' '-dumpdir' 'CMakeFiles/cmTC_d3862.dir/'
 as -arch x86_64 -v -mmacosx-version-min=13.0 -mllvm -x86-pad-for-align=false -force_cpusubtype_ALL -o CMakeFiles/cmTC_d3862.dir/CMakeCXXCompilerABI.cpp.o /var/folders/gc/wrnb_1655gvfgfy8d_c2r63m0000gn/T//ccbwwmHh.s
Apple clang version 14.0.0 (clang-1400.0.29.202)
Target: x86_64-apple-darwin22.3.0
Thread model: posix
InstalledDir: /Library/Developer/CommandLineTools/usr/bin
 "/Library/Developer/CommandLineTools/usr/bin/clang" -cc1as -triple x86_64-apple-macosx13.0.0 -filetype obj -main-file-name ccbwwmHh.s -target-cpu penryn -fdebug-compilation-dir=/Users/seph/Documents/Dev/git/algorithm-study/algorithm-cpp/cmake-build-debug/CMakeFiles/CMakeTmp -dwarf-debug-producer "Apple clang version 14.0.0 (clang-1400.0.29.202)" -dwarf-version=4 -mrelocation-model pic --mrelax-relocations -mllvm -x86-pad-for-align=false -mllvm -disable-aligned-alloc-awareness=1 -o CMakeFiles/cmTC_d3862.dir/CMakeCXXCompilerABI.cpp.o /var/folders/gc/wrnb_1655gvfgfy8d_c2r63m0000gn/T//ccbwwmHh.s
COMPILER_PATH=/usr/local/Cellar/gcc/12.2.0/bin/../libexec/gcc/x86_64-apple-darwin22/12/:/usr/local/Cellar/gcc/12.2.0/bin/../libexec/gcc/
LIBRARY_PATH=/usr/local/Cellar/gcc/12.2.0/bin/../lib/gcc/current/gcc/x86_64-apple-darwin22/12/:/usr/local/Cellar/gcc/12.2.0/bin/../lib/gcc/current/gcc/:/usr/local/Cellar/gcc/12.2.0/bin/../lib/gcc/current/gcc/x86_64-apple-darwin22/12/../../../
COLLECT_GCC_OPTIONS='-fdiagnostics-color=always' '-isysroot' '/Library/Developer/CommandLineTools/SDKs/MacOSX13.1.sdk' '-v' '-o' 'CMakeFiles/cmTC_d3862.dir/CMakeCXXCompilerABI.cpp.o' '-c' '-mmacosx-version-min=13.0.0'  '-nodefaultexport' '-shared-libgcc' '-mtune=core2' '-dumpdir' 'CMakeFiles/cmTC_d3862.dir/CMakeCXXCompilerABI.cpp.'
[2/2] Linking CXX executable cmTC_d3862
FAILED: cmTC_d3862 
: && /usr/local/bin/g++-12 -isysroot /Library/Developer/CommandLineTools/SDKs/MacOSX13.1.sdk -Wl,-search_paths_first -Wl,-headerpad_max_install_names -v -Wl,-v CMakeFiles/cmTC_d3862.dir/CMakeCXXCompilerABI.cpp.o -o cmTC_d3862   && :
Using built-in specs.
COLLECT_GCC=/usr/local/bin/g++-12
COLLECT_LTO_WRAPPER=/usr/local/Cellar/gcc/12.2.0/bin/../libexec/gcc/x86_64-apple-darwin22/12/lto-wrapper
Target: x86_64-apple-darwin22
Configured with: ../configure --prefix=/usr/local/opt/gcc --libdir=/usr/local/opt/gcc/lib/gcc/current --disable-nls --enable-checking=release --with-gcc-major-version-only --enable-languages=c,c++,objc,obj-c++,fortran --program-suffix=-12 --with-gmp=/usr/local/opt/gmp --with-mpfr=/usr/local/opt/mpfr --with-mpc=/usr/local/opt/libmpc --with-isl=/usr/local/opt/isl --with-zstd=/usr/local/opt/zstd --with-pkgversion='Homebrew GCC 12.2.0' --with-bugurl=https://github.com/Homebrew/homebrew-core/issues --with-system-zlib --build=x86_64-apple-darwin22 --with-sysroot=/Library/Developer/CommandLineTools/SDKs/MacOSX13.sdk
Thread model: posix
Supported LTO compression algorithms: zlib zstd
gcc version 12.2.0 (Homebrew GCC 12.2.0) 
COMPILER_PATH=/usr/local/Cellar/gcc/12.2.0/bin/../libexec/gcc/x86_64-apple-darwin22/12/:/usr/local/Cellar/gcc/12.2.0/bin/../libexec/gcc/
LIBRARY_PATH=/usr/local/Cellar/gcc/12.2.0/bin/../lib/gcc/current/gcc/x86_64-apple-darwin22/12/:/usr/local/Cellar/gcc/12.2.0/bin/../lib/gcc/current/gcc/:/usr/local/Cellar/gcc/12.2.0/bin/../lib/gcc/current/gcc/x86_64-apple-darwin22/12/../../../
COLLECT_GCC_OPTIONS='-isysroot' '/Library/Developer/CommandLineTools/SDKs/MacOSX13.1.sdk' '-v' '-o' 'cmTC_d3862' '-mmacosx-version-min=13.0.0' '-asm_macosx_version_min=13.0' '-nodefaultexport' '-shared-libgcc' '-mtune=core2' '-dumpdir' 'cmTC_d3862.'
 /usr/local/Cellar/gcc/12.2.0/bin/../libexec/gcc/x86_64-apple-darwin22/12/collect2 -dynamic -arch x86_64 -syslibroot /Library/Developer/CommandLineTools/SDKs/MacOSX13.1.sdk -macosx_version_min 13.0.0 -o cmTC_d3862 -L/usr/local/Cellar/gcc/12.2.0/bin/../lib/gcc/current/gcc/x86_64-apple-darwin22/12 -L/usr/local/Cellar/gcc/12.2.0/bin/../lib/gcc/current/gcc -L/usr/local/Cellar/gcc/12.2.0/bin/../lib/gcc/current/gcc/x86_64-apple-darwin22/12/../../.. -search_paths_first -headerpad_max_install_names -v CMakeFiles/cmTC_d3862.dir/CMakeCXXCompilerABI.cpp.o -lstdc++ -lgcc_s.1.1 -lgcc -lSystem -no_compact_unwind -rpath @loader_path -rpath /usr/local/Cellar/gcc/12.2.0/lib/gcc/current/gcc/x86_64-apple-darwin22/12 -rpath /usr/local/Cellar/gcc/12.2.0/lib/gcc/current/gcc -rpath /usr/local/Cellar/gcc/12.2.0/lib/gcc/current
collect2 version 12.2.0
/Users/seph/opt/anaconda3/bin/ld -dynamic -arch x86_64 -syslibroot /Library/Developer/CommandLineTools/SDKs/MacOSX13.1.sdk -macosx_version_min 13.0.0 -o cmTC_d3862 -L/usr/local/Cellar/gcc/12.2.0/bin/../lib/gcc/current/gcc/x86_64-apple-darwin22/12 -L/usr/local/Cellar/gcc/12.2.0/bin/../lib/gcc/current/gcc -L/usr/local/Cellar/gcc/12.2.0/bin/../lib/gcc/current/gcc/x86_64-apple-darwin22/12/../../.. -search_paths_first -headerpad_max_install_names -v CMakeFiles/cmTC_d3862.dir/CMakeCXXCompilerABI.cpp.o -lstdc++ -lgcc_s.1.1 -lgcc -lSystem -no_compact_unwind -rpath @loader_path -rpath /usr/local/Cellar/gcc/12.2.0/lib/gcc/current/gcc/x86_64-apple-darwin22/12 -rpath /usr/local/Cellar/gcc/12.2.0/lib/gcc/current/gcc -rpath /usr/local/Cellar/gcc/12.2.0/lib/gcc/current
@(#)PROGRAM:ld  PROJECT:ld64-530
BUILD 07:42:29 Sep  7 2022
configured to support archs: armv6 armv7 armv7s arm64 arm64e arm64_32 i386 x86_64 x86_64h armv6m armv7k armv7m armv7em (tvOS)
Library search paths:
	/usr/local/Cellar/gcc/12.2.0/lib/gcc/current/gcc/x86_64-apple-darwin22/12
	/usr/local/Cellar/gcc/12.2.0/lib/gcc/current/gcc
	/usr/local/Cellar/gcc/12.2.0/lib/gcc/current
	/Library/Developer/CommandLineTools/SDKs/MacOSX13.1.sdk/usr/lib
Framework search paths:
	/Library/Developer/CommandLineTools/SDKs/MacOSX13.1.sdk/System/Library/Frameworks/
ld: unsupported tapi file type '!tapi-tbd' in YAML file '/Library/Developer/CommandLineTools/SDKs/MacOSX13.1.sdk/usr/lib/libSystem.tbd' for architecture x86_64
collect2: error: ld returned 1 exit status
ninja: build stopped: subcommand failed.




Determining if the CXX compiler works failed with the following output:
Change Dir: /Users/seph/Documents/Dev/git/algorithm-study/algorithm-cpp/cmake-build-debug/CMakeFiles/CMakeTmp

Run Build Command(s):/Applications/CLion.app/Contents/bin/ninja/mac/ninja cmTC_5c1da && [1/2] Building CXX object CMakeFiles/cmTC_5c1da.dir/testCXXCompiler.cxx.o
[2/2] Linking CXX executable cmTC_5c1da
FAILED: cmTC_5c1da 
: && /usr/local/bin/g++-12 -isysroot /Library/Developer/CommandLineTools/SDKs/MacOSX13.1.sdk -Wl,-search_paths_first -Wl,-headerpad_max_install_names  CMakeFiles/cmTC_5c1da.dir/testCXXCompiler.cxx.o -o cmTC_5c1da   && :
ld: unsupported tapi file type '!tapi-tbd' in YAML file '/Library/Developer/CommandLineTools/SDKs/MacOSX13.1.sdk/usr/lib/libSystem.tbd' for architecture x86_64
collect2: error: ld returned 1 exit status
ninja: build stopped: subcommand failed.



